Arguments: 
  /usr/bin/node /usr/share/yarn/bin/yarn.js dev

PATH: 
  /usr/local/sbin:/usr/local/bin:/usr/sbin:/usr/bin:/sbin:/bin:/usr/games:/usr/local/games:/snap/bin:/usr/local/go/bin

Yarn version: 
  1.22.4

Node version: 
  13.14.0

Platform: 
  linux x64

Trace: 
  SyntaxError: /home/jorge-n/Documentos/Projetos/ntalesbot/package.json: Unexpected token } in JSON at position 271
      at JSON.parse (<anonymous>)
      at /usr/share/yarn/lib/cli.js:1625:59
      at Generator.next (<anonymous>)
      at step (/usr/share/yarn/lib/cli.js:310:30)
      at /usr/share/yarn/lib/cli.js:321:13

npm manifest: 
  {
    "name": "ntalesbot",
    "version": "1.0.0",
    "description": "Bot for telegram at @ntextifybot that will give users trivias when sending a number or date.",
    "main": "server.js",
    "scripts": {
      "start": "node src/server.js",
      "dev": "nodemon src/server.js",
    },
    "author": "Jorge Antônio da Silva Nascimento Junior",
    "license": "ISC",
    "devDependencies": {
      "nodemon": "^1.19.4"
    },
    "dependencies": {
      "node-telegram-bot-api": "^0.50.0",
      "cors": "^2.8.5",
      "dotenv": "^8.2.0",
      "express": "^4.16.4"
    }
  }

yarn manifest: 
  No manifest

Lockfile: 
  No lockfile
